#
# There is insufficient memory for the Java Runtime Environment to continue.
# Native memory allocation (malloc) failed to allocate 1048576 bytes. Error detail: AllocateHeap
# Possible reasons:
#   The system is out of physical RAM or swap space
#   This process is running with CompressedOops enabled, and the Java Heap may be blocking the growth of the native heap
# Possible solutions:
#   Reduce memory load on the system
#   Increase physical memory or swap space
#   Check if swap backing store is full
#   Decrease Java heap size (-Xmx/-Xms)
#   Decrease number of Java threads
#   Decrease Java thread stack sizes (-Xss)
#   Set larger code cache with -XX:ReservedCodeCacheSize=
#   JVM is running with Unscaled Compressed Oops mode in which the Java heap is
#     placed in the first 4GB address space. The Java Heap base address is the
#     maximum limit for the native heap growth. Please use -XX:HeapBaseMinAddress
#     to set the Java Heap base and to place the Java Heap above 4GB virtual address.
# This output file may be truncated or incomplete.
#
#  Out of Memory Error (allocation.cpp:44), pid=53988, tid=19636
#
# JRE version: OpenJDK Runtime Environment Temurin-21.0.8+9 (21.0.8+9) (build 21.0.8+9-LTS)
# Java VM: OpenJDK 64-Bit Server VM Temurin-21.0.8+9 (21.0.8+9-LTS, mixed mode, sharing, tiered, compressed oops, compressed class ptrs, parallel gc, windows-amd64)
# No core dump will be written. Minidumps are not enabled by default on client versions of Windows
#

---------------  S U M M A R Y ------------

Command Line: --add-modules=ALL-SYSTEM --add-opens=java.base/java.util=ALL-UNNAMED --add-opens=java.base/java.lang=ALL-UNNAMED --add-opens=java.base/sun.nio.fs=ALL-UNNAMED -Declipse.application=org.eclipse.jdt.ls.core.id1 -Dosgi.bundles.defaultStartLevel=4 -Declipse.product=org.eclipse.jdt.ls.core.product -Djava.import.generatesMetadataFilesAtProjectRoot=false -DDetectVMInstallationsJob.disabled=true -Dfile.encoding=utf8 -XX:+UseParallelGC -XX:GCTimeRatio=4 -XX:AdaptiveSizePolicyWeight=90 -Dsun.zip.disableMemoryMapping=true -Xmx2G -Xms100m -Xlog:disable -javaagent:c:\Users\g016647\.vscode\extensions\redhat.java-1.46.0-win32-x64\lombok\lombok-1.18.39-4050.jar -XX:+HeapDumpOnOutOfMemoryError -XX:HeapDumpPath=c:\Users\g016647\AppData\Roaming\Code\User\workspaceStorage\3975dea45c7b7c81ab5498dbaf66f26e\redhat.java -Daether.dependencyCollector.impl=bf c:\Users\g016647\.vscode\extensions\redhat.java-1.46.0-win32-x64\server\plugins\org.eclipse.equinox.launcher_1.7.0.v20250519-0528.jar -configuration c:\Users\g016647\AppData\Roaming\Code\User\globalStorage\redhat.java\1.46.0\config_win -data c:\Users\g016647\AppData\Roaming\Code\User\workspaceStorage\3975dea45c7b7c81ab5498dbaf66f26e\redhat.java\jdt_ws --pipe=\\.\pipe\lsp-1b674af127d9d796dd1ca97e07cc3616-sock

Host: Intel(R) Core(TM) Ultra 7 165U, 14 cores, 31G,  Windows 11 , 64 bit Build 22621 (10.0.22621.5415)
Time: Tue Oct 21 11:32:43 2025 Vesteuropa, sommertid elapsed time: 527952.819300 seconds (6d 2h 39m 12s)

---------------  T H R E A D  ---------------

Current thread (0x000001a63c4d6260):  JavaThread "Attach Listener" daemon [_thread_in_vm, id=19636, stack(0x0000006a4a600000,0x0000006a4a700000) (1024K)]

Stack: [0x0000006a4a600000,0x0000006a4a700000]
Native frames: (J=compiled Java code, j=interpreted, Vv=VM code, C=native code)
V  [jvm.dll+0x6d2449]
V  [jvm.dll+0x8ae341]
V  [jvm.dll+0x8b08be]
V  [jvm.dll+0x8b0fa3]
V  [jvm.dll+0x280c96]
V  [jvm.dll+0xc0347]
V  [jvm.dll+0x6d2cf9]
V  [jvm.dll+0x131116]
V  [jvm.dll+0x3f2d16]
V  [jvm.dll+0x857e6b]
V  [jvm.dll+0x6d0b0d]
C  [ucrtbase.dll+0x29333]
C  [KERNEL32.DLL+0x1259d]
C  [ntdll.dll+0x5af78]


---------------  P R O C E S S  ---------------

Threads class SMR info:
_java_thread_list=0x000001a69efd6140, length=47, elements={
0x000001a63c4358c0, 0x000001a63c3de760, 0x000001a63c4d37b0, 0x000001a63c4d52b0,
0x000001a63c4d6260, 0x000001a63c4d76a0, 0x000001a63c4de840, 0x000001a63c4e1a90,
0x000001a63c4ea790, 0x000001a695248970, 0x000001a69549ada0, 0x000001a696a8b4b0,
0x000001a695353c40, 0x000001a69522dd90, 0x000001a69522e7c0, 0x000001a6954e87a0,
0x000001a696890460, 0x000001a696433580, 0x000001a6964314b0, 0x000001a696431b40,
0x000001a696432ef0, 0x000001a69ccd2600, 0x000001a69ccd0bc0, 0x000001a69ccd1250,
0x000001a69cccf180, 0x000001a69cccf810, 0x000001a69ccd18e0, 0x000001a69cccfea0,
0x000001a69ccd1f70, 0x000001a69ccd0530, 0x000001a69cd8e150, 0x000001a69cd93d30,
0x000001a69cd922f0, 0x000001a69cd8d430, 0x000001a69cd8e7e0, 0x000001a69cd943c0,
0x000001a69cd92980, 0x000001a69cd90220, 0x000001a69d54f980, 0x000001a69b8d7340,
0x000001a69b8d79d0, 0x000001a69b8d8060, 0x000001a69b8d8d80, 0x000001a69f77a850,
0x000001a69f77bc00, 0x000001a69cd936a0, 0x000001a69f77cfb0
}

Java Threads: ( => current thread )
  0x000001a63c4358c0 JavaThread "main"                              [_thread_blocked, id=3236, stack(0x0000006a49f00000,0x0000006a4a000000) (1024K)]
  0x000001a63c3de760 JavaThread "Reference Handler"          daemon [_thread_blocked, id=38568, stack(0x0000006a4a300000,0x0000006a4a400000) (1024K)]
  0x000001a63c4d37b0 JavaThread "Finalizer"                  daemon [_thread_blocked, id=15068, stack(0x0000006a4a400000,0x0000006a4a500000) (1024K)]
  0x000001a63c4d52b0 JavaThread "Signal Dispatcher"          daemon [_thread_blocked, id=24604, stack(0x0000006a4a500000,0x0000006a4a600000) (1024K)]
=>0x000001a63c4d6260 JavaThread "Attach Listener"            daemon [_thread_in_vm, id=19636, stack(0x0000006a4a600000,0x0000006a4a700000) (1024K)]
  0x000001a63c4d76a0 JavaThread "Service Thread"             daemon [_thread_blocked, id=47712, stack(0x0000006a4a700000,0x0000006a4a800000) (1024K)]
  0x000001a63c4de840 JavaThread "Monitor Deflation Thread"   daemon [_thread_blocked, id=27184, stack(0x0000006a4a800000,0x0000006a4a900000) (1024K)]
  0x000001a63c4e1a90 JavaThread "C2 CompilerThread0"         daemon [_thread_blocked, id=47176, stack(0x0000006a4a900000,0x0000006a4aa00000) (1024K)]
  0x000001a63c4ea790 JavaThread "C1 CompilerThread0"         daemon [_thread_blocked, id=1328, stack(0x0000006a4aa00000,0x0000006a4ab00000) (1024K)]
  0x000001a695248970 JavaThread "Common-Cleaner"             daemon [_thread_blocked, id=17848, stack(0x0000006a4ab00000,0x0000006a4ac00000) (1024K)]
  0x000001a69549ada0 JavaThread "Notification Thread"        daemon [_thread_blocked, id=33780, stack(0x0000006a4ad00000,0x0000006a4ae00000) (1024K)]
  0x000001a696a8b4b0 JavaThread "Active Thread: Equinox Container: 31ecd4c5-9aa6-4e71-948a-908ee3d19d3b"        [_thread_blocked, id=39744, stack(0x0000006a4b500000,0x0000006a4b600000) (1024K)]
  0x000001a695353c40 JavaThread "Refresh Thread: Equinox Container: 31ecd4c5-9aa6-4e71-948a-908ee3d19d3b" daemon [_thread_blocked, id=40792, stack(0x0000006a4ac00000,0x0000006a4ad00000) (1024K)]
  0x000001a69522dd90 JavaThread "Framework Event Dispatcher: Equinox Container: 31ecd4c5-9aa6-4e71-948a-908ee3d19d3b" daemon [_thread_blocked, id=42960, stack(0x0000006a4b600000,0x0000006a4b700000) (1024K)]
  0x000001a69522e7c0 JavaThread "Start Level: Equinox Container: 31ecd4c5-9aa6-4e71-948a-908ee3d19d3b" daemon [_thread_blocked, id=43772, stack(0x0000006a4b700000,0x0000006a4b800000) (1024K)]
  0x000001a6954e87a0 JavaThread "Bundle File Closer"         daemon [_thread_blocked, id=45416, stack(0x0000006a4b800000,0x0000006a4b900000) (1024K)]
  0x000001a696890460 JavaThread "SCR Component Actor"        daemon [_thread_blocked, id=19792, stack(0x0000006a4bc00000,0x0000006a4bd00000) (1024K)]
  0x000001a696433580 JavaThread "Worker-JM"                         [_thread_blocked, id=24736, stack(0x0000006a4bf00000,0x0000006a4c000000) (1024K)]
  0x000001a6964314b0 JavaThread "JNA Cleaner"                daemon [_thread_blocked, id=56816, stack(0x0000006a4c000000,0x0000006a4c100000) (1024K)]
  0x000001a696431b40 JavaThread "Java indexing"              daemon [_thread_blocked, id=26848, stack(0x0000006a4c300000,0x0000006a4c400000) (1024K)]
  0x000001a696432ef0 JavaThread "Thread-1"                   daemon [_thread_in_native, id=21912, stack(0x0000006a4c800000,0x0000006a4c900000) (1024K)]
  0x000001a69ccd2600 JavaThread "Thread-2"                   daemon [_thread_in_native, id=45520, stack(0x0000006a4c900000,0x0000006a4ca00000) (1024K)]
  0x000001a69ccd0bc0 JavaThread "Thread-3"                   daemon [_thread_in_native, id=41324, stack(0x0000006a4ca00000,0x0000006a4cb00000) (1024K)]
  0x000001a69ccd1250 JavaThread "Thread-4"                   daemon [_thread_in_native, id=21628, stack(0x0000006a4cb00000,0x0000006a4cc00000) (1024K)]
  0x000001a69cccf180 JavaThread "Thread-5"                   daemon [_thread_in_native, id=49452, stack(0x0000006a4cc00000,0x0000006a4cd00000) (1024K)]
  0x000001a69cccf810 JavaThread "Thread-6"                   daemon [_thread_in_native, id=50576, stack(0x0000006a4cd00000,0x0000006a4ce00000) (1024K)]
  0x000001a69ccd18e0 JavaThread "Thread-7"                   daemon [_thread_in_native, id=44160, stack(0x0000006a4ce00000,0x0000006a4cf00000) (1024K)]
  0x000001a69cccfea0 JavaThread "Thread-8"                   daemon [_thread_in_native, id=43728, stack(0x0000006a4cf00000,0x0000006a4d000000) (1024K)]
  0x000001a69ccd1f70 JavaThread "Thread-9"                   daemon [_thread_in_native, id=35324, stack(0x0000006a4d000000,0x0000006a4d100000) (1024K)]
  0x000001a69ccd0530 JavaThread "Thread-10"                  daemon [_thread_in_native, id=42044, stack(0x0000006a4d100000,0x0000006a4d200000) (1024K)]
  0x000001a69cd8e150 JavaThread "Thread-11"                  daemon [_thread_in_native, id=29924, stack(0x0000006a4d200000,0x0000006a4d300000) (1024K)]
  0x000001a69cd93d30 JavaThread "Thread-12"                  daemon [_thread_in_native, id=31132, stack(0x0000006a4d300000,0x0000006a4d400000) (1024K)]
  0x000001a69cd922f0 JavaThread "Thread-13"                  daemon [_thread_in_native, id=1452, stack(0x0000006a4d400000,0x0000006a4d500000) (1024K)]
  0x000001a69cd8d430 JavaThread "Thread-14"                  daemon [_thread_in_native, id=20236, stack(0x0000006a4d500000,0x0000006a4d600000) (1024K)]
  0x000001a69cd8e7e0 JavaThread "Thread-15"                  daemon [_thread_in_native, id=34468, stack(0x0000006a4d600000,0x0000006a4d700000) (1024K)]
  0x000001a69cd943c0 JavaThread "pool-2-thread-1"                   [_thread_blocked, id=52072, stack(0x0000006a4d700000,0x0000006a4d800000) (1024K)]
  0x000001a69cd92980 JavaThread "WorkspaceEventsHandler"            [_thread_blocked, id=38976, stack(0x0000006a4d800000,0x0000006a4d900000) (1024K)]
  0x000001a69cd90220 JavaThread "pool-1-thread-1"                   [_thread_blocked, id=1056, stack(0x0000006a4d900000,0x0000006a4da00000) (1024K)]
  0x000001a69d54f980 JavaThread "Cleaner-0"                  daemon [_thread_blocked, id=9736, stack(0x0000006a4e700000,0x0000006a4e800000) (1024K)]
  0x000001a69b8d7340 JavaThread "Java Debug Server"          daemon [_thread_in_native, id=38120, stack(0x0000006a4c200000,0x0000006a4c300000) (1024K)]
  0x000001a69b8d79d0 JavaThread "pool-5-thread-1"                   [_thread_in_native, id=54900, stack(0x0000006a4c600000,0x0000006a4c700000) (1024K)]
  0x000001a69b8d8060 JavaThread "RxSchedulerPurge-1"         daemon [_thread_blocked, id=49644, stack(0x0000006a4c700000,0x0000006a4c800000) (1024K)]
  0x000001a69b8d8d80 JavaThread "RxCachedWorkerPoolEvictor-1" daemon [_thread_blocked, id=49056, stack(0x0000006a4e600000,0x0000006a4e700000) (1024K)]
  0x000001a69f77a850 JavaThread "process reaper (pid 60052)" daemon [_thread_in_native, id=37988, stack(0x0000006a499d0000,0x0000006a499f0000) (128K)]
  0x000001a69f77bc00 JavaThread "RxNewThreadScheduler-7"     daemon [_thread_blocked, id=54216, stack(0x0000006a49d00000,0x0000006a49e00000) (1024K)]
  0x000001a69cd936a0 JavaThread "Worker-80"                         [_thread_blocked, id=18196, stack(0x0000006a4e900000,0x0000006a4ea00000) (1024K)]
  0x000001a69f77cfb0 JavaThread "Worker-82"                         [_thread_blocked, id=49212, stack(0x0000006a4ea00000,0x0000006a4eb00000) (1024K)]
Total: 47

Other Threads:
  0x000001a63c3c6940 VMThread "VM Thread"                           [id=40332, stack(0x0000006a4a200000,0x0000006a4a300000) (1024K)]
  0x000001a63c2bca00 WatcherThread "VM Periodic Task Thread"        [id=47796, stack(0x0000006a4a100000,0x0000006a4a200000) (1024K)]
  0x000001a63c452a90 WorkerThread "GC Thread#0"                     [id=46380, stack(0x0000006a4a000000,0x0000006a4a100000) (1024K)]
  0x000001a696a202e0 WorkerThread "GC Thread#1"                     [id=43828, stack(0x0000006a4af00000,0x0000006a4b000000) (1024K)]
  0x000001a696a20680 WorkerThread "GC Thread#2"                     [id=50332, stack(0x0000006a4b000000,0x0000006a4b100000) (1024K)]
  0x000001a6968a18e0 WorkerThread "GC Thread#3"                     [id=2852, stack(0x0000006a4b100000,0x0000006a4b200000) (1024K)]
  0x000001a6968a1c80 WorkerThread "GC Thread#4"                     [id=44152, stack(0x0000006a4b200000,0x0000006a4b300000) (1024K)]
  0x000001a6968a2020 WorkerThread "GC Thread#5"                     [id=23996, stack(0x0000006a4b300000,0x0000006a4b400000) (1024K)]
  0x000001a6967b65a0 WorkerThread "GC Thread#6"                     [id=56376, stack(0x0000006a4b400000,0x0000006a4b500000) (1024K)]
  0x000001a696988340 WorkerThread "GC Thread#7"                     [id=18864, stack(0x0000006a4ae00000,0x0000006a4af00000) (1024K)]
  0x000001a696987fa0 WorkerThread "GC Thread#8"                     [id=23492, stack(0x0000006a4b900000,0x0000006a4ba00000) (1024K)]
  0x000001a6969886e0 WorkerThread "GC Thread#9"                     [id=50012, stack(0x0000006a4ba00000,0x0000006a4bb00000) (1024K)]
  0x000001a6969874c0 WorkerThread "GC Thread#10"                    [id=43596, stack(0x0000006a4bb00000,0x0000006a4bc00000) (1024K)]
Total: 13

Threads with active compile tasks:
Total: 0

VM state: not at safepoint (normal execution)

VM Mutex/Monitor currently owned by a thread: None

Heap address: 0x0000000080000000, size: 2048 MB, Compressed Oops mode: 32-bit

CDS archive(s) mapped at: [0x000001a653000000-0x000001a653ba0000-0x000001a653ba0000), size 12189696, SharedBaseAddress: 0x000001a653000000, ArchiveRelocationMode: 1.
Compressed class space mapped at: 0x000001a654000000-0x000001a694000000, reserved size: 1073741824
Narrow klass base: 0x000001a653000000, Narrow klass shift: 0, Narrow klass range: 0x100000000

GC Precious Log:
 CardTable entry size: 512
 CPUs: 14 total, 14 available
 Memory: 32212M
 Large Page Support: Disabled
 NUMA Support: Disabled
 Compressed Oops: Enabled (32-bit)
 Alignments: Space 512K, Generation 512K, Heap 2M
 Heap Min Capacity: 100M
 Heap Initial Capacity: 100M
 Heap Max Capacity: 2G
 Pre-touch: Disabled
 Parallel Workers: 11

Heap:
 PSYoungGen      total 7168K, used 5920K [0x00000000d5580000, 0x00000000d5e80000, 0x0000000100000000)
  eden space 6656K, 86% used [0x00000000d5580000,0x00000000d5b203d8,0x00000000d5c00000)
  from space 512K, 31% used [0x00000000d5e00000,0x00000000d5e28000,0x00000000d5e80000)
  to   space 512K, 0% used [0x00000000d5d00000,0x00000000d5d00000,0x00000000d5d80000)
 ParOldGen       total 841728K, used 841659K [0x0000000080000000, 0x00000000b3600000, 0x00000000d5580000)
  object space 841728K, 99% used [0x0000000080000000,0x00000000b35eef90,0x00000000b3600000)
 Metaspace       used 103754K, committed 105472K, reserved 1179648K
  class space    used 10083K, committed 10944K, reserved 1048576K

Card table byte_map: [0x000001a63bdd0000,0x000001a63c1e0000] _byte_map_base: 0x000001a63b9d0000

Marking Bits: (ParMarkBitMap*) 0x00007ffb49a2a340
 Begin Bits: [0x000001a64e8d0000, 0x000001a6508d0000)
 End Bits:   [0x000001a6508d0000, 0x000001a6528d0000)

Polling page: 0x000001a63a2a0000

Metaspace:

Usage:
  Non-class:     91.48 MB used.
      Class:      9.85 MB used.
       Both:    101.32 MB used.

Virtual space:
  Non-class space:      128.00 MB reserved,      92.31 MB ( 72%) committed,  2 nodes.
      Class space:        1.00 GB reserved,      10.69 MB (  1%) committed,  1 nodes.
             Both:        1.12 GB reserved,     103.00 MB (  9%) committed. 

Chunk freelists:
   Non-Class:  3.38 MB
       Class:  5.19 MB
        Both:  8.57 MB

MaxMetaspaceSize: unlimited
CompressedClassSpaceSize: 1.00 GB
Initial GC threshold: 21.00 MB
Current GC threshold: 171.25 MB
CDS: on
 - commit_granule_bytes: 65536.
 - commit_granule_words: 8192.
 - virtual_space_node_default_size: 8388608.
 - enlarge_chunks_in_place: 1.
 - use_allocation_guard: 0.


Internal statistics:

num_allocs_failed_limit: 9.
num_arena_births: 2968.
num_arena_deaths: 1140.
num_vsnodes_births: 3.
num_vsnodes_deaths: 0.
num_space_committed: 1649.
num_space_uncommitted: 1.
num_chunks_returned_to_freelist: 1473.
num_chunks_taken_from_freelist: 9040.
num_chunk_merges: 427.
num_chunk_splits: 4817.
num_chunks_enlarged: 2403.
num_inconsistent_stats: 0.

CodeHeap 'non-profiled nmethods': size=120000Kb used=31446Kb max_used=32211Kb free=88553Kb
 bounds [0x000001a6470f0000, 0x000001a6490d0000, 0x000001a64e620000]
CodeHeap 'profiled nmethods': size=120000Kb used=26991Kb max_used=51235Kb free=93008Kb
 bounds [0x000001a63f620000, 0x000001a642830000, 0x000001a646b50000]
CodeHeap 'non-nmethods': size=5760Kb used=1546Kb max_used=1614Kb free=4213Kb
 bounds [0x000001a646b50000, 0x000001a646dc0000, 0x000001a6470f0000]
CodeCache: size=245760Kb, used=59983Kb, max_used=85060Kb, free=185774Kb
 total_blobs=14701, nmethods=13835, adapters=766, full_count=0
Compilation: enabled, stopped_count=0, restarted_count=0

Compilation events (20 events):
Event: 470437.731 Thread 0x000001a63c4ea790 44135       3       org.eclipse.jdt.internal.corext.refactoring.code.flow.InputFlowAnalyzer::endVisit (6 bytes)
Event: 470437.731 Thread 0x000001a63c4ea790 nmethod 44135 0x000001a63fb77710 code [0x000001a63fb778c0, 0x000001a63fb77a00]
Event: 470437.731 Thread 0x000001a63c4ea790 44136       3       org.eclipse.jdt.internal.corext.refactoring.code.flow.InputFlowAnalyzer::createReturnFlowInfo (18 bytes)
Event: 470437.732 Thread 0x000001a63c4ea790 nmethod 44136 0x000001a640626590 code [0x000001a640626740, 0x000001a640626940]
Event: 470439.638 Thread 0x000001a63c4ea790 44137       3       org.eclipse.jdt.core.dom.AST::setFlag (11 bytes)
Event: 470439.639 Thread 0x000001a63c4ea790 nmethod 44137 0x000001a63fc06690 code [0x000001a63fc06820, 0x000001a63fc06938]
Event: 470483.333 Thread 0x000001a63c4ea790 44138   !   3       org.eclipse.jdt.internal.core.hierarchy.IndexBasedHierarchyBuilder::build (143 bytes)
Event: 470483.336 Thread 0x000001a63c4ea790 nmethod 44138 0x000001a640b23e90 code [0x000001a640b24180, 0x000001a640b25110]
Event: 470554.092 Thread 0x000001a63c4ea790 44139       3       com.sun.org.apache.xerces.internal.dom.ElementImpl::<init> (16 bytes)
Event: 470554.093 Thread 0x000001a63c4ea790 nmethod 44139 0x000001a640b6b090 code [0x000001a640b6b260, 0x000001a640b6b5d0]
Event: 472417.567 Thread 0x000001a63c4ea790 44140   !   3       org.eclipse.core.internal.jobs.WorkerPool::startJob (345 bytes)
Event: 472417.569 Thread 0x000001a63c4ea790 nmethod 44140 0x000001a63fc36410 code [0x000001a63fc369a0, 0x000001a63fc393e8]
Event: 477337.559 Thread 0x000001a63c4ea790 44141   !   3       org.eclipse.core.internal.jobs.JobManager::shouldRun (34 bytes)
Event: 477337.560 Thread 0x000001a63c4ea790 nmethod 44141 0x000001a6407afe10 code [0x000001a6407b0020, 0x000001a6407b0530]
Event: 477337.560 Thread 0x000001a63c4ea790 44142       3       org.eclipse.core.internal.jobs.JobListeners::queueAboutToRun (17 bytes)
Event: 477337.561 Thread 0x000001a63c4ea790 nmethod 44142 0x000001a640c3cc10 code [0x000001a640c3cde0, 0x000001a640c3d0d8]
Event: 480937.590 Thread 0x000001a63c4e1a90 44143       4       org.eclipse.core.internal.dtree.DataTreeNode::storeStrings (28 bytes)
Event: 480937.592 Thread 0x000001a63c4e1a90 nmethod 44143 0x000001a648196c90 code [0x000001a648196e80, 0x000001a648197130]
Event: 484537.682 Thread 0x000001a63c4ea790 44144  s    3       org.eclipse.core.internal.jobs.WorkerPool::incrementBusyThreads (54 bytes)
Event: 484537.682 Thread 0x000001a63c4ea790 nmethod 44144 0x000001a63feef890 code [0x000001a63feefaa0, 0x000001a63feeff50]

GC Heap History (20 events):
Event: 470703.892 GC heap before
{Heap before GC invocations=28101 (full 34):
 PSYoungGen      total 8704K, used 8352K [0x00000000d5580000, 0x00000000d5f80000, 0x0000000100000000)
  eden space 7680K, 100% used [0x00000000d5580000,0x00000000d5d00000,0x00000000d5d00000)
  from space 1024K, 65% used [0x00000000d5e80000,0x00000000d5f28000,0x00000000d5f80000)
  to   space 1024K, 0% used [0x00000000d5d80000,0x00000000d5d80000,0x00000000d5e80000)
 ParOldGen       total 836608K, used 836471K [0x0000000080000000, 0x00000000b3100000, 0x00000000d5580000)
  object space 836608K, 99% used [0x0000000080000000,0x00000000b30dde68,0x00000000b3100000)
 Metaspace       used 103754K, committed 105472K, reserved 1179648K
  class space    used 10083K, committed 10944K, reserved 1048576K
}
Event: 470703.894 GC heap after
{Heap after GC invocations=28101 (full 34):
 PSYoungGen      total 8704K, used 704K [0x00000000d5580000, 0x00000000d5f00000, 0x0000000100000000)
  eden space 7680K, 0% used [0x00000000d5580000,0x00000000d5580000,0x00000000d5d00000)
  from space 1024K, 68% used [0x00000000d5d80000,0x00000000d5e30000,0x00000000d5e80000)
  to   space 512K, 0% used [0x00000000d5e80000,0x00000000d5e80000,0x00000000d5f00000)
 ParOldGen       total 837120K, used 837003K [0x0000000080000000, 0x00000000b3180000, 0x00000000d5580000)
  object space 837120K, 99% used [0x0000000080000000,0x00000000b3162d70,0x00000000b3180000)
 Metaspace       used 103754K, committed 105472K, reserved 1179648K
  class space    used 10083K, committed 10944K, reserved 1048576K
}
Event: 470703.917 GC heap before
{Heap before GC invocations=28102 (full 34):
 PSYoungGen      total 8704K, used 8384K [0x00000000d5580000, 0x00000000d5f00000, 0x0000000100000000)
  eden space 7680K, 100% used [0x00000000d5580000,0x00000000d5d00000,0x00000000d5d00000)
  from space 1024K, 68% used [0x00000000d5d80000,0x00000000d5e30000,0x00000000d5e80000)
  to   space 512K, 0% used [0x00000000d5e80000,0x00000000d5e80000,0x00000000d5f00000)
 ParOldGen       total 837120K, used 837003K [0x0000000080000000, 0x00000000b3180000, 0x00000000d5580000)
  object space 837120K, 99% used [0x0000000080000000,0x00000000b3162d70,0x00000000b3180000)
 Metaspace       used 103754K, committed 105472K, reserved 1179648K
  class space    used 10083K, committed 10944K, reserved 1048576K
}
Event: 470703.919 GC heap after
{Heap after GC invocations=28102 (full 34):
 PSYoungGen      total 8192K, used 512K [0x00000000d5580000, 0x00000000d6000000, 0x0000000100000000)
  eden space 7680K, 0% used [0x00000000d5580000,0x00000000d5580000,0x00000000d5d00000)
  from space 512K, 100% used [0x00000000d5e80000,0x00000000d5f00000,0x00000000d5f00000)
  to   space 1536K, 0% used [0x00000000d5d00000,0x00000000d5d00000,0x00000000d5e80000)
 ParOldGen       total 837632K, used 837572K [0x0000000080000000, 0x00000000b3200000, 0x00000000d5580000)
  object space 837632K, 99% used [0x0000000080000000,0x00000000b31f12e0,0x00000000b3200000)
 Metaspace       used 103754K, committed 105472K, reserved 1179648K
  class space    used 10083K, committed 10944K, reserved 1048576K
}
Event: 470704.044 GC heap before
{Heap before GC invocations=28103 (full 34):
 PSYoungGen      total 8192K, used 8192K [0x00000000d5580000, 0x00000000d6000000, 0x0000000100000000)
  eden space 7680K, 100% used [0x00000000d5580000,0x00000000d5d00000,0x00000000d5d00000)
  from space 512K, 100% used [0x00000000d5e80000,0x00000000d5f00000,0x00000000d5f00000)
  to   space 1536K, 0% used [0x00000000d5d00000,0x00000000d5d00000,0x00000000d5e80000)
 ParOldGen       total 837632K, used 837572K [0x0000000080000000, 0x00000000b3200000, 0x00000000d5580000)
  object space 837632K, 99% used [0x0000000080000000,0x00000000b31f12e0,0x00000000b3200000)
 Metaspace       used 103754K, committed 105472K, reserved 1179648K
  class space    used 10083K, committed 10944K, reserved 1048576K
}
Event: 470704.046 GC heap after
{Heap after GC invocations=28103 (full 34):
 PSYoungGen      total 8704K, used 864K [0x00000000d5580000, 0x00000000d5f00000, 0x0000000100000000)
  eden space 7680K, 0% used [0x00000000d5580000,0x00000000d5580000,0x00000000d5d00000)
  from space 1024K, 84% used [0x00000000d5d00000,0x00000000d5dd8020,0x00000000d5e00000)
  to   space 1024K, 0% used [0x00000000d5e00000,0x00000000d5e00000,0x00000000d5f00000)
 ParOldGen       total 838144K, used 838060K [0x0000000080000000, 0x00000000b3280000, 0x00000000d5580000)
  object space 838144K, 99% used [0x0000000080000000,0x00000000b326b320,0x00000000b3280000)
 Metaspace       used 103754K, committed 105472K, reserved 1179648K
  class space    used 10083K, committed 10944K, reserved 1048576K
}
Event: 470704.165 GC heap before
{Heap before GC invocations=28104 (full 34):
 PSYoungGen      total 8704K, used 8195K [0x00000000d5580000, 0x00000000d5f00000, 0x0000000100000000)
  eden space 7680K, 95% used [0x00000000d5580000,0x00000000d5ca8c20,0x00000000d5d00000)
  from space 1024K, 84% used [0x00000000d5d00000,0x00000000d5dd8020,0x00000000d5e00000)
  to   space 1024K, 0% used [0x00000000d5e00000,0x00000000d5e00000,0x00000000d5f00000)
 ParOldGen       total 838144K, used 838060K [0x0000000080000000, 0x00000000b3280000, 0x00000000d5580000)
  object space 838144K, 99% used [0x0000000080000000,0x00000000b326b320,0x00000000b3280000)
 Metaspace       used 103754K, committed 105472K, reserved 1179648K
  class space    used 10083K, committed 10944K, reserved 1048576K
}
Event: 470704.167 GC heap after
{Heap after GC invocations=28104 (full 34):
 PSYoungGen      total 7680K, used 1015K [0x00000000d5580000, 0x00000000d6100000, 0x0000000100000000)
  eden space 6656K, 0% used [0x00000000d5580000,0x00000000d5580000,0x00000000d5c00000)
  from space 1024K, 99% used [0x00000000d5e00000,0x00000000d5efddd0,0x00000000d5f00000)
  to   space 2048K, 0% used [0x00000000d5c00000,0x00000000d5c00000,0x00000000d5e00000)
 ParOldGen       total 839168K, used 838788K [0x0000000080000000, 0x00000000b3380000, 0x00000000d5580000)
  object space 839168K, 99% used [0x0000000080000000,0x00000000b33213b0,0x00000000b3380000)
 Metaspace       used 103754K, committed 105472K, reserved 1179648K
  class space    used 10083K, committed 10944K, reserved 1048576K
}
Event: 470704.213 GC heap before
{Heap before GC invocations=28105 (full 34):
 PSYoungGen      total 7680K, used 7454K [0x00000000d5580000, 0x00000000d6100000, 0x0000000100000000)
  eden space 6656K, 96% used [0x00000000d5580000,0x00000000d5bc9cc0,0x00000000d5c00000)
  from space 1024K, 99% used [0x00000000d5e00000,0x00000000d5efddd0,0x00000000d5f00000)
  to   space 2048K, 0% used [0x00000000d5c00000,0x00000000d5c00000,0x00000000d5e00000)
 ParOldGen       total 839168K, used 838788K [0x0000000080000000, 0x00000000b3380000, 0x00000000d5580000)
  object space 839168K, 99% used [0x0000000080000000,0x00000000b33213b0,0x00000000b3380000)
 Metaspace       used 103754K, committed 105472K, reserved 1179648K
  class space    used 10083K, committed 10944K, reserved 1048576K
}
Event: 470704.215 GC heap after
{Heap after GC invocations=28105 (full 34):
 PSYoungGen      total 8704K, used 1981K [0x00000000d5580000, 0x00000000d6100000, 0x0000000100000000)
  eden space 6656K, 0% used [0x00000000d5580000,0x00000000d5580000,0x00000000d5c00000)
  from space 2048K, 96% used [0x00000000d5c00000,0x00000000d5def5c0,0x00000000d5e00000)
  to   space 2560K, 0% used [0x00000000d5e80000,0x00000000d5e80000,0x00000000d6100000)
 ParOldGen       total 840192K, used 840186K [0x0000000080000000, 0x00000000b3480000, 0x00000000d5580000)
  object space 840192K, 99% used [0x0000000080000000,0x00000000b347e980,0x00000000b3480000)
 Metaspace       used 103754K, committed 105472K, reserved 1179648K
  class space    used 10083K, committed 10944K, reserved 1048576K
}
Event: 470704.288 GC heap before
{Heap before GC invocations=28106 (full 34):
 PSYoungGen      total 8704K, used 7703K [0x00000000d5580000, 0x00000000d6100000, 0x0000000100000000)
  eden space 6656K, 85% used [0x00000000d5580000,0x00000000d5b16930,0x00000000d5c00000)
  from space 2048K, 96% used [0x00000000d5c00000,0x00000000d5def5c0,0x00000000d5e00000)
  to   space 2560K, 0% used [0x00000000d5e80000,0x00000000d5e80000,0x00000000d6100000)
 ParOldGen       total 840192K, used 840186K [0x0000000080000000, 0x00000000b3480000, 0x00000000d5580000)
  object space 840192K, 99% used [0x0000000080000000,0x00000000b347e980,0x00000000b3480000)
 Metaspace       used 103754K, committed 105472K, reserved 1179648K
  class space    used 10083K, committed 10944K, reserved 1048576K
}
Event: 470704.290 GC heap after
{Heap after GC invocations=28106 (full 34):
 PSYoungGen      total 8192K, used 1212K [0x00000000d5580000, 0x00000000d6000000, 0x0000000100000000)
  eden space 6656K, 0% used [0x00000000d5580000,0x00000000d5580000,0x00000000d5c00000)
  from space 1536K, 78% used [0x00000000d5e80000,0x00000000d5faf228,0x00000000d6000000)
  to   space 1536K, 0% used [0x00000000d5d00000,0x00000000d5d00000,0x00000000d5e80000)
 ParOldGen       total 840704K, used 840384K [0x0000000080000000, 0x00000000b3500000, 0x00000000d5580000)
  object space 840704K, 99% used [0x0000000080000000,0x00000000b34b00a8,0x00000000b3500000)
 Metaspace       used 103754K, committed 105472K, reserved 1179648K
  class space    used 10083K, committed 10944K, reserved 1048576K
}
Event: 475170.107 GC heap before
{Heap before GC invocations=28107 (full 34):
 PSYoungGen      total 8192K, used 7868K [0x00000000d5580000, 0x00000000d6000000, 0x0000000100000000)
  eden space 6656K, 99% used [0x00000000d5580000,0x00000000d5bffff8,0x00000000d5c00000)
  from space 1536K, 78% used [0x00000000d5e80000,0x00000000d5faf228,0x00000000d6000000)
  to   space 1536K, 0% used [0x00000000d5d00000,0x00000000d5d00000,0x00000000d5e80000)
 ParOldGen       total 840704K, used 840384K [0x0000000080000000, 0x00000000b3500000, 0x00000000d5580000)
  object space 840704K, 99% used [0x0000000080000000,0x00000000b34b00a8,0x00000000b3500000)
 Metaspace       used 103754K, committed 105472K, reserved 1179648K
  class space    used 10083K, committed 10944K, reserved 1048576K
}
Event: 475170.110 GC heap after
{Heap after GC invocations=28107 (full 34):
 PSYoungGen      total 7168K, used 396K [0x00000000d5580000, 0x00000000d5f00000, 0x0000000100000000)
  eden space 6656K, 0% used [0x00000000d5580000,0x00000000d5580000,0x00000000d5c00000)
  from space 512K, 77% used [0x00000000d5d00000,0x00000000d5d633e8,0x00000000d5d80000)
  to   space 1024K, 0% used [0x00000000d5e00000,0x00000000d5e00000,0x00000000d5f00000)
 ParOldGen       total 841728K, used 841438K [0x0000000080000000, 0x00000000b3600000, 0x00000000d5580000)
  object space 841728K, 99% used [0x0000000080000000,0x00000000b35b7ba8,0x00000000b3600000)
 Metaspace       used 103754K, committed 105472K, reserved 1179648K
  class space    used 10083K, committed 10944K, reserved 1048576K
}
Event: 488554.107 GC heap before
{Heap before GC invocations=28108 (full 34):
 PSYoungGen      total 7168K, used 7052K [0x00000000d5580000, 0x00000000d5f00000, 0x0000000100000000)
  eden space 6656K, 100% used [0x00000000d5580000,0x00000000d5c00000,0x00000000d5c00000)
  from space 512K, 77% used [0x00000000d5d00000,0x00000000d5d633e8,0x00000000d5d80000)
  to   space 1024K, 0% used [0x00000000d5e00000,0x00000000d5e00000,0x00000000d5f00000)
 ParOldGen       total 841728K, used 841438K [0x0000000080000000, 0x00000000b3600000, 0x00000000d5580000)
  object space 841728K, 99% used [0x0000000080000000,0x00000000b35b7ba8,0x00000000b3600000)
 Metaspace       used 103754K, committed 105472K, reserved 1179648K
  class space    used 10083K, committed 10944K, reserved 1048576K
}
Event: 488554.110 GC heap after
{Heap after GC invocations=28108 (full 34):
 PSYoungGen      total 7168K, used 160K [0x00000000d5580000, 0x00000000d5e80000, 0x0000000100000000)
  eden space 6656K, 0% used [0x00000000d5580000,0x00000000d5580000,0x00000000d5c00000)
  from space 512K, 31% used [0x00000000d5e00000,0x00000000d5e28000,0x00000000d5e80000)
  to   space 512K, 0% used [0x00000000d5d00000,0x00000000d5d00000,0x00000000d5d80000)
 ParOldGen       total 841728K, used 841659K [0x0000000080000000, 0x00000000b3600000, 0x00000000d5580000)
  object space 841728K, 99% used [0x0000000080000000,0x00000000b35eef90,0x00000000b3600000)
 Metaspace       used 103754K, committed 105472K, reserved 1179648K
  class space    used 10083K, committed 10944K, reserved 1048576K
}
Event: 502367.103 GC heap before
{Heap before GC invocations=28109 (full 34):
 PSYoungGen      total 7168K, used 6816K [0x00000000d5580000, 0x00000000d5e80000, 0x0000000100000000)
  eden space 6656K, 100% used [0x00000000d5580000,0x00000000d5c00000,0x00000000d5c00000)
  from space 512K, 31% used [0x00000000d5e00000,0x00000000d5e28000,0x00000000d5e80000)
  to   space 512K, 0% used [0x00000000d5d00000,0x00000000d5d00000,0x00000000d5d80000)
 ParOldGen       total 841728K, used 841659K [0x0000000080000000, 0x00000000b3600000, 0x00000000d5580000)
  object space 841728K, 99% used [0x0000000080000000,0x00000000b35eef90,0x00000000b3600000)
 Metaspace       used 103754K, committed 105472K, reserved 1179648K
  class space    used 10083K, committed 10944K, reserved 1048576K
}
Event: 502367.106 GC heap after
{Heap after GC invocations=28109 (full 34):
 PSYoungGen      total 7168K, used 224K [0x00000000d5580000, 0x00000000d5e80000, 0x0000000100000000)
  eden space 6656K, 0% used [0x00000000d5580000,0x00000000d5580000,0x00000000d5c00000)
  from space 512K, 43% used [0x00000000d5d00000,0x00000000d5d38000,0x00000000d5d80000)
  to   space 512K, 0% used [0x00000000d5e00000,0x00000000d5e00000,0x00000000d5e80000)
 ParOldGen       total 841728K, used 841659K [0x0000000080000000, 0x00000000b3600000, 0x00000000d5580000)
  object space 841728K, 99% used [0x0000000080000000,0x00000000b35eef90,0x00000000b3600000)
 Metaspace       used 103754K, committed 105472K, reserved 1179648K
  class space    used 10083K, committed 10944K, reserved 1048576K
}
Event: 516170.116 GC heap before
{Heap before GC invocations=28110 (full 34):
 PSYoungGen      total 7168K, used 6880K [0x00000000d5580000, 0x00000000d5e80000, 0x0000000100000000)
  eden space 6656K, 100% used [0x00000000d5580000,0x00000000d5c00000,0x00000000d5c00000)
  from space 512K, 43% used [0x00000000d5d00000,0x00000000d5d38000,0x00000000d5d80000)
  to   space 512K, 0% used [0x00000000d5e00000,0x00000000d5e00000,0x00000000d5e80000)
 ParOldGen       total 841728K, used 841659K [0x0000000080000000, 0x00000000b3600000, 0x00000000d5580000)
  object space 841728K, 99% used [0x0000000080000000,0x00000000b35eef90,0x00000000b3600000)
 Metaspace       used 103754K, committed 105472K, reserved 1179648K
  class space    used 10083K, committed 10944K, reserved 1048576K
}
Event: 516170.118 GC heap after
{Heap after GC invocations=28110 (full 34):
 PSYoungGen      total 7168K, used 160K [0x00000000d5580000, 0x00000000d5e80000, 0x0000000100000000)
  eden space 6656K, 0% used [0x00000000d5580000,0x00000000d5580000,0x00000000d5c00000)
  from space 512K, 31% used [0x00000000d5e00000,0x00000000d5e28000,0x00000000d5e80000)
  to   space 512K, 0% used [0x00000000d5d00000,0x00000000d5d00000,0x00000000d5d80000)
 ParOldGen       total 841728K, used 841659K [0x0000000080000000, 0x00000000b3600000, 0x00000000d5580000)
  object space 841728K, 99% used [0x0000000080000000,0x00000000b35eef90,0x00000000b3600000)
 Metaspace       used 103754K, committed 105472K, reserved 1179648K
  class space    used 10083K, committed 10944K, reserved 1048576K
}

Dll operation events (12 events):
Event: 0.014 Loaded shared library c:\Users\g016647\.vscode\extensions\redhat.java-1.46.0-win32-x64\jre\21.0.8-win32-x86_64\bin\java.dll
Event: 0.088 Loaded shared library c:\Users\g016647\.vscode\extensions\redhat.java-1.46.0-win32-x64\jre\21.0.8-win32-x86_64\bin\zip.dll
Event: 0.105 Loaded shared library C:\Users\g016647\.vscode\extensions\redhat.java-1.46.0-win32-x64\jre\21.0.8-win32-x86_64\bin\instrument.dll
Event: 0.109 Loaded shared library C:\Users\g016647\.vscode\extensions\redhat.java-1.46.0-win32-x64\jre\21.0.8-win32-x86_64\bin\net.dll
Event: 0.113 Loaded shared library C:\Users\g016647\.vscode\extensions\redhat.java-1.46.0-win32-x64\jre\21.0.8-win32-x86_64\bin\nio.dll
Event: 0.116 Loaded shared library C:\Users\g016647\.vscode\extensions\redhat.java-1.46.0-win32-x64\jre\21.0.8-win32-x86_64\bin\zip.dll
Event: 0.136 Loaded shared library C:\Users\g016647\.vscode\extensions\redhat.java-1.46.0-win32-x64\jre\21.0.8-win32-x86_64\bin\jimage.dll
Event: 0.226 Loaded shared library c:\Users\g016647\.vscode\extensions\redhat.java-1.46.0-win32-x64\jre\21.0.8-win32-x86_64\bin\verify.dll
Event: 11.645 Loaded shared library C:\Users\g016647\AppData\Roaming\Code\User\globalStorage\redhat.java\1.46.0\config_win\org.eclipse.equinox.launcher\org.eclipse.equinox.launcher.win32.win32.x86_64_1.2.1400.v20250801-0854\eclipse_11916.dll
Event: 29.907 Loaded shared library C:\Users\g016647\AppData\Local\Temp\jna--1655287317\jna2329112784481733749.dll
Event: 6238.940 Loaded shared library C:\Users\g016647\.vscode\extensions\redhat.java-1.46.0-win32-x64\jre\21.0.8-win32-x86_64\bin\extnet.dll
Event: 356838.562 Loaded shared library C:\Users\g016647\.vscode\extensions\redhat.java-1.46.0-win32-x64\jre\21.0.8-win32-x86_64\bin\sunmscapi.dll

Deoptimization events (20 events):
Event: 470253.989 Thread 0x000001a69d555560 Uncommon trap: trap_request=0xffffff45 fr.pc=0x000001a64854fb48 relative=0x0000000000000548
Event: 470253.989 Thread 0x000001a69d555560 Uncommon trap: reason=unstable_if action=reinterpret pc=0x000001a64854fb48 method=java.util.concurrent.ConcurrentHashMap.get(Ljava/lang/Object;)Ljava/lang/Object; @ 86 c2
Event: 470253.989 Thread 0x000001a69d555560 DEOPT PACKING pc=0x000001a64854fb48 sp=0x0000006a4e1fe1b0
Event: 470253.989 Thread 0x000001a69d555560 DEOPT UNPACKING pc=0x000001a646ba3aa2 sp=0x0000006a4e1fe0c8 mode 2
Event: 470254.297 Thread 0x000001a69f77f710 Uncommon trap: trap_request=0xffffffc6 fr.pc=0x000001a647c183f4 relative=0x00000000000007f4
Event: 470254.297 Thread 0x000001a69f77f710 Uncommon trap: reason=bimorphic_or_optimized_type_check action=maybe_recompile pc=0x000001a647c183f4 method=org.eclipse.jdt.internal.compiler.lookup.ConstraintTypeFormula.reduce(Lorg/eclipse/jdt/internal/compiler/lookup/InferenceContext18;)Ljava/lang/Obje
Event: 470254.297 Thread 0x000001a69f77f710 DEOPT PACKING pc=0x000001a647c183f4 sp=0x0000006a4effea60
Event: 470254.297 Thread 0x000001a69f77f710 DEOPT UNPACKING pc=0x000001a646ba3aa2 sp=0x0000006a4effe9f0 mode 2
Event: 470254.298 Thread 0x000001a69f77f710 Uncommon trap: trap_request=0xffffffc6 fr.pc=0x000001a647c183f4 relative=0x00000000000007f4
Event: 470254.298 Thread 0x000001a69f77f710 Uncommon trap: reason=bimorphic_or_optimized_type_check action=maybe_recompile pc=0x000001a647c183f4 method=org.eclipse.jdt.internal.compiler.lookup.ConstraintTypeFormula.reduce(Lorg/eclipse/jdt/internal/compiler/lookup/InferenceContext18;)Ljava/lang/Obje
Event: 470254.298 Thread 0x000001a69f77f710 DEOPT PACKING pc=0x000001a647c183f4 sp=0x0000006a4effea60
Event: 470254.298 Thread 0x000001a69f77f710 DEOPT UNPACKING pc=0x000001a646ba3aa2 sp=0x0000006a4effe9f0 mode 2
Event: 470439.273 Thread 0x000001a69d553b20 Uncommon trap: trap_request=0xffffffde fr.pc=0x000001a647102020 relative=0x00000000000002c0
Event: 470439.273 Thread 0x000001a69d553b20 Uncommon trap: reason=class_check action=maybe_recompile pc=0x000001a647102020 method=org.eclipse.jdt.internal.corext.dom.SelectionAnalyzer.visitNode(Lorg/eclipse/jdt/core/dom/ASTNode;)Z @ 80 c2
Event: 470439.273 Thread 0x000001a69d553b20 DEOPT PACKING pc=0x000001a647102020 sp=0x0000006a4dafe520
Event: 470439.273 Thread 0x000001a69d553b20 DEOPT UNPACKING pc=0x000001a646ba3aa2 sp=0x0000006a4dafe4c8 mode 2
Event: 470703.459 Thread 0x000001a69b8d3ec0 Uncommon trap: trap_request=0xffffff6e fr.pc=0x000001a647ce08d0 relative=0x0000000000000190
Event: 470703.459 Thread 0x000001a69b8d3ec0 Uncommon trap: reason=loop_limit_check action=maybe_recompile pc=0x000001a647ce08d0 method=org.eclipse.jdt.internal.compiler.parser.Parser.hasLeadingTagComment([CI)Z @ 210 c2
Event: 470703.459 Thread 0x000001a69b8d3ec0 DEOPT PACKING pc=0x000001a647ce08d0 sp=0x0000006a4befe920
Event: 470703.459 Thread 0x000001a69b8d3ec0 DEOPT UNPACKING pc=0x000001a646ba3aa2 sp=0x0000006a4befe880 mode 2

Classes loaded (20 events):
Event: 469979.916 Loading class jdk/internal/module/IllegalAccessLogger
Event: 469979.916 Loading class jdk/internal/module/IllegalAccessLogger done
Event: 470000.519 Loading class jdk/internal/module/IllegalAccessLogger
Event: 470000.519 Loading class jdk/internal/module/IllegalAccessLogger done
Event: 470017.548 Loading class jdk/internal/module/IllegalAccessLogger
Event: 470017.548 Loading class jdk/internal/module/IllegalAccessLogger done
Event: 470032.955 Loading class jdk/internal/module/IllegalAccessLogger
Event: 470032.955 Loading class jdk/internal/module/IllegalAccessLogger done
Event: 470035.681 Loading class jdk/internal/module/IllegalAccessLogger
Event: 470035.681 Loading class jdk/internal/module/IllegalAccessLogger done
Event: 470204.564 Loading class java/util/DualPivotQuicksort$Sorter
Event: 470204.565 Loading class java/util/DualPivotQuicksort$Sorter done
Event: 470221.668 Loading class jdk/internal/module/IllegalAccessLogger
Event: 470221.668 Loading class jdk/internal/module/IllegalAccessLogger done
Event: 470254.288 Loading class jdk/internal/module/IllegalAccessLogger
Event: 470254.288 Loading class jdk/internal/module/IllegalAccessLogger done
Event: 470255.746 Loading class jdk/internal/module/IllegalAccessLogger
Event: 470255.746 Loading class jdk/internal/module/IllegalAccessLogger done
Event: 470265.668 Loading class jdk/internal/module/IllegalAccessLogger
Event: 470265.668 Loading class jdk/internal/module/IllegalAccessLogger done

Classes unloaded (20 events):
Event: 466518.749 Thread 0x000001a63c3c6940 Unloading class 0x000001a654a3f400 'java/lang/invoke/LambdaForm$MH+0x000001a654a3f400'
Event: 466518.749 Thread 0x000001a63c3c6940 Unloading class 0x000001a654a3f000 'java/lang/invoke/LambdaForm$MH+0x000001a654a3f000'
Event: 466518.749 Thread 0x000001a63c3c6940 Unloading class 0x000001a654a3ec00 'java/lang/invoke/LambdaForm$MH+0x000001a654a3ec00'
Event: 466518.749 Thread 0x000001a63c3c6940 Unloading class 0x000001a654a3e800 'java/lang/invoke/LambdaForm$MH+0x000001a654a3e800'
Event: 466518.749 Thread 0x000001a63c3c6940 Unloading class 0x000001a654a3e400 'java/lang/invoke/LambdaForm$MH+0x000001a654a3e400'
Event: 466518.749 Thread 0x000001a63c3c6940 Unloading class 0x000001a654a35c00 'java/lang/invoke/LambdaForm$DMH+0x000001a654a35c00'
Event: 466518.749 Thread 0x000001a63c3c6940 Unloading class 0x000001a6549f9c00 'java/lang/invoke/LambdaForm$MH+0x000001a6549f9c00'
Event: 466518.750 Thread 0x000001a63c3c6940 Unloading class 0x000001a654734c00 'java/lang/invoke/LambdaForm$MH+0x000001a654734c00'
Event: 466518.750 Thread 0x000001a63c3c6940 Unloading class 0x000001a654736000 'java/lang/invoke/LambdaForm$MH+0x000001a654736000'
Event: 468822.120 Thread 0x000001a63c3c6940 Unloading class 0x000001a6549f9000 'java/lang/invoke/LambdaForm$MH+0x000001a6549f9000'
Event: 468822.120 Thread 0x000001a63c3c6940 Unloading class 0x000001a6549f8c00 'java/lang/invoke/LambdaForm$MH+0x000001a6549f8c00'
Event: 468822.120 Thread 0x000001a63c3c6940 Unloading class 0x000001a6549f8800 'java/lang/invoke/LambdaForm$MH+0x000001a6549f8800'
Event: 468822.120 Thread 0x000001a63c3c6940 Unloading class 0x000001a6549f8000 'java/lang/invoke/LambdaForm$MH+0x000001a6549f8000'
Event: 468822.120 Thread 0x000001a63c3c6940 Unloading class 0x000001a654a3fc00 'java/lang/invoke/LambdaForm$MH+0x000001a654a3fc00'
Event: 468822.120 Thread 0x000001a63c3c6940 Unloading class 0x000001a654a18000 'java/lang/invoke/LambdaForm$MH+0x000001a654a18000'
Event: 468822.120 Thread 0x000001a63c3c6940 Unloading class 0x000001a654a93000 'java/lang/invoke/LambdaForm$MH+0x000001a654a93000'
Event: 469655.466 Thread 0x000001a63c3c6940 Unloading class 0x000001a6549f9c00 'java/lang/invoke/LambdaForm$MH+0x000001a6549f9c00'
Event: 469655.466 Thread 0x000001a63c3c6940 Unloading class 0x000001a6549f9800 'java/lang/invoke/LambdaForm$MH+0x000001a6549f9800'
Event: 469655.466 Thread 0x000001a63c3c6940 Unloading class 0x000001a6549f2400 'java/lang/invoke/LambdaForm$MH+0x000001a6549f2400'
Event: 469655.466 Thread 0x000001a63c3c6940 Unloading class 0x000001a654a8a000 'java/lang/invoke/LambdaForm$BMH+0x000001a654a8a000'

Classes redefined (0 events):
No events

Internal exceptions (20 events):
Event: 470235.918 Thread 0x000001a69cd90220 Exception <a 'java/lang/ArrayIndexOutOfBoundsException'{0x00000000d5714708}> (0x00000000d5714708) 
thrown [s\src\hotspot\share\runtime\sharedRuntime.cpp, line 625]
Event: 470236.241 Thread 0x000001a69cd90220 Exception <a 'java/lang/ArrayIndexOutOfBoundsException'{0x00000000d55dae00}> (0x00000000d55dae00) 
thrown [s\src\hotspot\share\runtime\sharedRuntime.cpp, line 625]
Event: 470236.252 Thread 0x000001a69cd90220 Exception <a 'java/lang/ArrayIndexOutOfBoundsException'{0x00000000d59ac110}> (0x00000000d59ac110) 
thrown [s\src\hotspot\share\runtime\sharedRuntime.cpp, line 625]
Event: 470236.252 Thread 0x000001a69cd90220 Exception <a 'java/lang/ArrayIndexOutOfBoundsException'{0x00000000d59ac6e8}> (0x00000000d59ac6e8) 
thrown [s\src\hotspot\share\runtime\sharedRuntime.cpp, line 625]
Event: 470248.114 Thread 0x000001a69cd90220 Exception <a 'java/lang/ArrayIndexOutOfBoundsException'{0x00000000d593acf8}> (0x00000000d593acf8) 
thrown [s\src\hotspot\share\runtime\sharedRuntime.cpp, line 625]
Event: 470248.130 Thread 0x000001a69cd90220 Exception <a 'java/lang/ArrayIndexOutOfBoundsException'{0x00000000d564bfd8}> (0x00000000d564bfd8) 
thrown [s\src\hotspot\share\runtime\sharedRuntime.cpp, line 625]
Event: 470248.130 Thread 0x000001a69cd90220 Exception <a 'java/lang/ArrayIndexOutOfBoundsException'{0x00000000d564d5e8}> (0x00000000d564d5e8) 
thrown [s\src\hotspot\share\runtime\sharedRuntime.cpp, line 625]
Event: 470248.130 Thread 0x000001a69cd90220 Exception <a 'java/lang/ArrayIndexOutOfBoundsException'{0x00000000d564dbc0}> (0x00000000d564dbc0) 
thrown [s\src\hotspot\share\runtime\sharedRuntime.cpp, line 625]
Event: 470250.195 Thread 0x000001a69d551a50 Exception <a 'java/lang/ClassNotFoundException'{0x00000000d5832070}: sun/net/www/protocol/eclipse-javadoc/Handler> (0x00000000d5832070) 
thrown [s\src\hotspot\share\classfile\systemDictionary.cpp, line 312]
Event: 470250.195 Thread 0x000001a69d551a50 Exception <a 'java/lang/ClassNotFoundException'{0x00000000d5834dc0}: sun/net/www/protocol/eclipse-javadoc/Handler> (0x00000000d5834dc0) 
thrown [s\src\hotspot\share\classfile\systemDictionary.cpp, line 312]
Event: 470250.322 Thread 0x000001a69d551a50 Exception <a 'java/lang/ClassNotFoundException'{0x00000000d5594560}: sun/net/www/protocol/eclipse-javadoc/Handler> (0x00000000d5594560) 
thrown [s\src\hotspot\share\classfile\systemDictionary.cpp, line 312]
Event: 470250.322 Thread 0x000001a69d551a50 Exception <a 'java/lang/ClassNotFoundException'{0x00000000d5597130}: sun/net/www/protocol/eclipse-javadoc/Handler> (0x00000000d5597130) 
thrown [s\src\hotspot\share\classfile\systemDictionary.cpp, line 312]
Event: 470250.322 Thread 0x000001a69d551a50 Exception <a 'java/lang/ClassNotFoundException'{0x00000000d559bae8}: sun/net/www/protocol/jdt/Handler> (0x00000000d559bae8) 
thrown [s\src\hotspot\share\classfile\systemDictionary.cpp, line 312]
Event: 470250.322 Thread 0x000001a69d551a50 Exception <a 'java/lang/ClassNotFoundException'{0x00000000d559da78}: sun/net/www/protocol/jdt/Handler> (0x00000000d559da78) 
thrown [s\src\hotspot\share\classfile\systemDictionary.cpp, line 312]
Event: 470254.078 Thread 0x000001a696431b40 Exception <a 'sun/nio/fs/WindowsException'{0x00000000d56f77a0}> (0x00000000d56f77a0) 
thrown [s\src\hotspot\share\prims\jni.cpp, line 520]
Event: 470254.399 Thread 0x000001a696431b40 Exception <a 'sun/nio/fs/WindowsException'{0x00000000d577c988}> (0x00000000d577c988) 
thrown [s\src\hotspot\share\prims\jni.cpp, line 520]
Event: 470265.549 Thread 0x000001a696431b40 Exception <a 'sun/nio/fs/WindowsException'{0x00000000d561dce8}> (0x00000000d561dce8) 
thrown [s\src\hotspot\share\prims\jni.cpp, line 520]
Event: 470265.790 Thread 0x000001a696431b40 Exception <a 'sun/nio/fs/WindowsException'{0x00000000d5580748}> (0x00000000d5580748) 
thrown [s\src\hotspot\share\prims\jni.cpp, line 520]
Event: 470554.088 Thread 0x000001a69cd936a0 Exception <a 'sun/nio/fs/WindowsException'{0x00000000d5b8adf8}> (0x00000000d5b8adf8) 
thrown [s\src\hotspot\share\prims\jni.cpp, line 520]
Event: 470554.088 Thread 0x000001a69cd936a0 Exception <a 'sun/nio/fs/WindowsException'{0x00000000d5b8b6c0}> (0x00000000d5b8b6c0) 
thrown [s\src\hotspot\share\prims\jni.cpp, line 520]

ZGC Phase Switch (0 events):
No events

VM Operations (20 events):
Event: 527269.664 Executing VM operation: HandshakeAllThreads (HandshakeForDeflation)
Event: 527269.664 Executing VM operation: HandshakeAllThreads (HandshakeForDeflation) done
Event: 527269.664 Executing VM operation: RendezvousGCThreads
Event: 527269.664 Executing VM operation: RendezvousGCThreads done
Event: 527450.010 Executing VM operation: HandshakeAllThreads (HandshakeForDeflation)
Event: 527450.011 Executing VM operation: HandshakeAllThreads (HandshakeForDeflation) done
Event: 527450.011 Executing VM operation: RendezvousGCThreads
Event: 527450.011 Executing VM operation: RendezvousGCThreads done
Event: 527690.485 Executing VM operation: HandshakeAllThreads (HandshakeForDeflation)
Event: 527690.485 Executing VM operation: HandshakeAllThreads (HandshakeForDeflation) done
Event: 527690.485 Executing VM operation: RendezvousGCThreads
Event: 527690.485 Executing VM operation: RendezvousGCThreads done
Event: 527750.596 Executing VM operation: HandshakeAllThreads (HandshakeForDeflation)
Event: 527750.596 Executing VM operation: HandshakeAllThreads (HandshakeForDeflation) done
Event: 527750.596 Executing VM operation: RendezvousGCThreads
Event: 527750.596 Executing VM operation: RendezvousGCThreads done
Event: 527810.617 Executing VM operation: HandshakeAllThreads (HandshakeForDeflation)
Event: 527810.617 Executing VM operation: HandshakeAllThreads (HandshakeForDeflation) done
Event: 527810.617 Executing VM operation: RendezvousGCThreads
Event: 527810.617 Executing VM operation: RendezvousGCThreads done

Memory protections (0 events):
No events

Nmethod flushes (20 events):
Event: 470221.919 Thread 0x000001a63c3c6940 flushing  nmethod 0x000001a640d6d310
Event: 470221.919 Thread 0x000001a63c3c6940 flushing  nmethod 0x000001a640dd9290
Event: 470221.919 Thread 0x000001a63c3c6940 flushing  nmethod 0x000001a641057c10
Event: 470221.919 Thread 0x000001a63c3c6940 flushing  nmethod 0x000001a641109d10
Event: 470221.919 Thread 0x000001a63c3c6940 flushing  nmethod 0x000001a6411cd610
Event: 470221.919 Thread 0x000001a63c3c6940 flushing  nmethod 0x000001a6411f0f10
Event: 470221.919 Thread 0x000001a63c3c6940 flushing  nmethod 0x000001a641291f90
Event: 470221.919 Thread 0x000001a63c3c6940 flushing  nmethod 0x000001a641469090
Event: 470221.919 Thread 0x000001a63c3c6940 flushing  nmethod 0x000001a64154c390
Event: 470221.919 Thread 0x000001a63c3c6940 flushing  nmethod 0x000001a641668810
Event: 470221.919 Thread 0x000001a63c3c6940 flushing  nmethod 0x000001a6416ef510
Event: 470221.919 Thread 0x000001a63c3c6940 flushing  nmethod 0x000001a641750690
Event: 470221.919 Thread 0x000001a63c3c6940 flushing  nmethod 0x000001a64199b710
Event: 470221.919 Thread 0x000001a63c3c6940 flushing  nmethod 0x000001a641b40210
Event: 470221.919 Thread 0x000001a63c3c6940 flushing  nmethod 0x000001a641b89190
Event: 470221.919 Thread 0x000001a63c3c6940 flushing  nmethod 0x000001a641caac10
Event: 470221.919 Thread 0x000001a63c3c6940 flushing  nmethod 0x000001a641ebf990
Event: 470221.919 Thread 0x000001a63c3c6940 flushing  nmethod 0x000001a642260910
Event: 470221.919 Thread 0x000001a63c3c6940 flushing  nmethod 0x000001a642261510
Event: 470221.919 Thread 0x000001a63c3c6940 flushing  nmethod 0x000001a64258c910

Events (20 events):
Event: 470392.990 Thread 0x000001a69b2b6270 Thread exited: 0x000001a69b2b6270
Event: 470507.415 Thread 0x000001a69d552e00 Thread exited: 0x000001a69d552e00
Event: 470543.356 Thread 0x000001a69d553b20 Thread exited: 0x000001a69d553b20
Event: 470554.089 Thread 0x000001a69cd936a0 Thread added: 0x000001a69f77dcd0
Event: 470554.090 Thread 0x000001a69f77dcd0 Thread exited: 0x000001a69f77dcd0
Event: 470554.093 Thread 0x000001a69cd936a0 Thread added: 0x000001a69f77f710
Event: 470554.094 Thread 0x000001a69f77f710 Thread exited: 0x000001a69f77f710
Event: 470554.224 Thread 0x000001a69f779b30 Thread exited: 0x000001a69f779b30
Event: 470555.737 Thread 0x000001a69f77c290 Thread exited: 0x000001a69f77c290
Event: 470565.638 Thread 0x000001a69f77d640 Thread exited: 0x000001a69f77d640
Event: 470603.356 Thread 0x000001a69d555560 Thread exited: 0x000001a69d555560
Event: 470695.717 Thread 0x000001a69b2b7620 Thread exited: 0x000001a69b2b7620
Event: 470764.301 Thread 0x000001a69b8d3ec0 Thread exited: 0x000001a69b8d3ec0
Event: 470824.315 Thread 0x000001a69b2b4830 Thread exited: 0x000001a69b2b4830
Event: 470884.323 Thread 0x000001a69b8d4550 Thread exited: 0x000001a69b8d4550
Event: 470944.329 Thread 0x000001a69b2b7cb0 Thread exited: 0x000001a69b2b7cb0
Event: 471004.344 Thread 0x000001a69b2b3480 Thread exited: 0x000001a69b2b3480
Event: 471064.355 Thread 0x000001a69d554ed0 Thread exited: 0x000001a69d554ed0
Event: 471124.368 Thread 0x000001a69b2b6f90 Thread exited: 0x000001a69b2b6f90
Event: 471184.380 Thread 0x000001a69b8dae50 Thread exited: 0x000001a69b8dae50


Dynamic libraries:
0x00007ff7186f0000 - 0x00007ff7186fe000 	c:\Users\g016647\.vscode\extensions\redhat.java-1.46.0-win32-x64\jre\21.0.8-win32-x86_64\bin\java.exe
0x00007ffbe80d0000 - 0x00007ffbe82e7000 	C:\WINDOWS\SYSTEM32\ntdll.dll
0x00007ffbe6fa0000 - 0x00007ffbe7064000 	C:\WINDOWS\System32\KERNEL32.DLL
0x00007ffbe56b0000 - 0x00007ffbe5a80000 	C:\WINDOWS\System32\KERNELBASE.dll
0x00007ffbe5490000 - 0x00007ffbe55a1000 	C:\WINDOWS\System32\ucrtbase.dll
0x00007ffbc5480000 - 0x00007ffbc5498000 	c:\Users\g016647\.vscode\extensions\redhat.java-1.46.0-win32-x64\jre\21.0.8-win32-x86_64\bin\jli.dll
0x00007ffbc8e00000 - 0x00007ffbc8e1e000 	c:\Users\g016647\.vscode\extensions\redhat.java-1.46.0-win32-x64\jre\21.0.8-win32-x86_64\bin\VCRUNTIME140.dll
0x00007ffbe6b80000 - 0x00007ffbe6d31000 	C:\WINDOWS\System32\USER32.dll
0x00007ffbe5460000 - 0x00007ffbe5486000 	C:\WINDOWS\System32\win32u.dll
0x00007ffbe7a50000 - 0x00007ffbe7a79000 	C:\WINDOWS\System32\GDI32.dll
0x00007ffbc7210000 - 0x00007ffbc74ac000 	C:\WINDOWS\WinSxS\amd64_microsoft.windows.common-controls_6595b64144ccf1df_6.0.22621.5840_none_2710ea077384a4fe\COMCTL32.dll
0x00007ffbe5270000 - 0x00007ffbe5393000 	C:\WINDOWS\System32\gdi32full.dll
0x00007ffbe6d50000 - 0x00007ffbe6df7000 	C:\WINDOWS\System32\msvcrt.dll
0x00007ffbe51d0000 - 0x00007ffbe526a000 	C:\WINDOWS\System32\msvcp_win.dll
0x00007ffbe7180000 - 0x00007ffbe71b1000 	C:\WINDOWS\System32\IMM32.DLL
0x00007ffbc74b0000 - 0x00007ffbc74bc000 	c:\Users\g016647\.vscode\extensions\redhat.java-1.46.0-win32-x64\jre\21.0.8-win32-x86_64\bin\vcruntime140_1.dll
0x00007ffb8fd00000 - 0x00007ffb8fd8d000 	c:\Users\g016647\.vscode\extensions\redhat.java-1.46.0-win32-x64\jre\21.0.8-win32-x86_64\bin\msvcp140.dll
0x00007ffb48d70000 - 0x00007ffb49b07000 	c:\Users\g016647\.vscode\extensions\redhat.java-1.46.0-win32-x64\jre\21.0.8-win32-x86_64\bin\server\jvm.dll
0x00007ffbe7640000 - 0x00007ffbe76f1000 	C:\WINDOWS\System32\ADVAPI32.dll
0x00007ffbe67f0000 - 0x00007ffbe6898000 	C:\WINDOWS\System32\sechost.dll
0x00007ffbe5a80000 - 0x00007ffbe5aa8000 	C:\WINDOWS\System32\bcrypt.dll
0x00007ffbe6e00000 - 0x00007ffbe6f18000 	C:\WINDOWS\System32\RPCRT4.dll
0x00007ffbe7700000 - 0x00007ffbe7771000 	C:\WINDOWS\System32\WS2_32.dll
0x00007ffbe4ef0000 - 0x00007ffbe4f3d000 	C:\WINDOWS\SYSTEM32\POWRPROF.dll
0x00007ffbc0480000 - 0x00007ffbc048a000 	C:\WINDOWS\SYSTEM32\VERSION.dll
0x00007ffbe2110000 - 0x00007ffbe2144000 	C:\WINDOWS\SYSTEM32\WINMM.dll
0x00007ffbe4ed0000 - 0x00007ffbe4ee3000 	C:\WINDOWS\SYSTEM32\UMPDC.dll
0x00007ffbe4080000 - 0x00007ffbe4098000 	C:\WINDOWS\SYSTEM32\kernel.appcore.dll
0x00007ffbc6060000 - 0x00007ffbc606a000 	c:\Users\g016647\.vscode\extensions\redhat.java-1.46.0-win32-x64\jre\21.0.8-win32-x86_64\bin\jimage.dll
0x00007ffbe29b0000 - 0x00007ffbe2be3000 	C:\WINDOWS\SYSTEM32\DBGHELP.DLL
0x00007ffbe7c60000 - 0x00007ffbe7ff1000 	C:\WINDOWS\System32\combase.dll
0x00007ffbe6a70000 - 0x00007ffbe6b48000 	C:\WINDOWS\System32\OLEAUT32.dll
0x00007ffbba2d0000 - 0x00007ffbba302000 	C:\WINDOWS\SYSTEM32\dbgcore.DLL
0x00007ffbe5630000 - 0x00007ffbe56ab000 	C:\WINDOWS\System32\bcryptPrimitives.dll
0x00007ffbc5fd0000 - 0x00007ffbc5fdf000 	c:\Users\g016647\.vscode\extensions\redhat.java-1.46.0-win32-x64\jre\21.0.8-win32-x86_64\bin\instrument.dll
0x00007ffbb4620000 - 0x00007ffbb463f000 	c:\Users\g016647\.vscode\extensions\redhat.java-1.46.0-win32-x64\jre\21.0.8-win32-x86_64\bin\java.dll
0x00007ffbe5f40000 - 0x00007ffbe67e1000 	C:\WINDOWS\System32\SHELL32.dll
0x00007ffbe5ab0000 - 0x00007ffbe5bef000 	C:\WINDOWS\System32\wintypes.dll
0x00007ffbe2ea0000 - 0x00007ffbe37ba000 	C:\WINDOWS\SYSTEM32\windows.storage.dll
0x00007ffbe7070000 - 0x00007ffbe717a000 	C:\WINDOWS\System32\SHCORE.dll
0x00007ffbe7b80000 - 0x00007ffbe7be9000 	C:\WINDOWS\System32\shlwapi.dll
0x00007ffbe5100000 - 0x00007ffbe5125000 	C:\WINDOWS\SYSTEM32\profapi.dll
0x00007ffbb0ae0000 - 0x00007ffbb0af8000 	c:\Users\g016647\.vscode\extensions\redhat.java-1.46.0-win32-x64\jre\21.0.8-win32-x86_64\bin\zip.dll
0x00007ffbc46d0000 - 0x00007ffbc46e0000 	C:\Users\g016647\.vscode\extensions\redhat.java-1.46.0-win32-x64\jre\21.0.8-win32-x86_64\bin\net.dll
0x00007ffbe40a0000 - 0x00007ffbe41cc000 	C:\WINDOWS\SYSTEM32\WINHTTP.dll
0x00007ffbe4670000 - 0x00007ffbe46d9000 	C:\WINDOWS\system32\mswsock.dll
0x00007ffbb0740000 - 0x00007ffbb0756000 	C:\Users\g016647\.vscode\extensions\redhat.java-1.46.0-win32-x64\jre\21.0.8-win32-x86_64\bin\nio.dll
0x00007ffbc3b20000 - 0x00007ffbc3b30000 	c:\Users\g016647\.vscode\extensions\redhat.java-1.46.0-win32-x64\jre\21.0.8-win32-x86_64\bin\verify.dll
0x00007ffb9cb90000 - 0x00007ffb9cbd4000 	C:\Users\g016647\AppData\Roaming\Code\User\globalStorage\redhat.java\1.46.0\config_win\org.eclipse.equinox.launcher\org.eclipse.equinox.launcher.win32.win32.x86_64_1.2.1400.v20250801-0854\eclipse_11916.dll
0x00007ffbe7780000 - 0x00007ffbe7920000 	C:\WINDOWS\System32\ole32.dll
0x00007ffbe4970000 - 0x00007ffbe498b000 	C:\WINDOWS\SYSTEM32\CRYPTSP.dll
0x00007ffbe3fe0000 - 0x00007ffbe4017000 	C:\WINDOWS\system32\rsaenh.dll
0x00007ffbe4710000 - 0x00007ffbe4738000 	C:\WINDOWS\SYSTEM32\USERENV.dll
0x00007ffbe4950000 - 0x00007ffbe495c000 	C:\WINDOWS\SYSTEM32\CRYPTBASE.dll
0x00007ffbe3910000 - 0x00007ffbe393d000 	C:\WINDOWS\SYSTEM32\IPHLPAPI.DLL
0x00007ffbe6b70000 - 0x00007ffbe6b79000 	C:\WINDOWS\System32\NSI.dll
0x00007ffbb0b00000 - 0x00007ffbb0b49000 	C:\Users\g016647\AppData\Local\Temp\jna--1655287317\jna2329112784481733749.dll
0x00007ffbe7c50000 - 0x00007ffbe7c58000 	C:\WINDOWS\System32\PSAPI.DLL
0x00007ffbcabb0000 - 0x00007ffbcabc9000 	C:\WINDOWS\SYSTEM32\dhcpcsvc6.DLL
0x00007ffbcaa80000 - 0x00007ffbcaa9f000 	C:\WINDOWS\SYSTEM32\dhcpcsvc.DLL
0x00007ffbc69a0000 - 0x00007ffbc69a9000 	C:\Users\g016647\.vscode\extensions\redhat.java-1.46.0-win32-x64\jre\21.0.8-win32-x86_64\bin\extnet.dll
0x00007ffbc2940000 - 0x00007ffbc294e000 	C:\Users\g016647\.vscode\extensions\redhat.java-1.46.0-win32-x64\jre\21.0.8-win32-x86_64\bin\sunmscapi.dll
0x00007ffbe5bf0000 - 0x00007ffbe5d58000 	C:\WINDOWS\System32\CRYPT32.dll
0x00007ffbe4b00000 - 0x00007ffbe4b2d000 	C:\WINDOWS\SYSTEM32\ncrypt.dll
0x00007ffbe4ac0000 - 0x00007ffbe4af7000 	C:\WINDOWS\SYSTEM32\NTASN1.dll
0x00007ffbe3940000 - 0x00007ffbe3a38000 	C:\WINDOWS\SYSTEM32\DNSAPI.dll
0x00007ffbcc4d0000 - 0x00007ffbcc4da000 	C:\Windows\System32\rasadhlp.dll
0x00007ffbcc330000 - 0x00007ffbcc3b4000 	C:\WINDOWS\System32\fwpuclnt.dll

JVMTI agents:
c:\Users\g016647\.vscode\extensions\redhat.java-1.46.0-win32-x64\lombok\lombok-1.18.39-4050.jar path:c:\Users\g016647\.vscode\extensions\redhat.java-1.46.0-win32-x64\jre\21.0.8-win32-x86_64\bin\instrument.dll, loaded, initialized, instrumentlib options:none

dbghelp: loaded successfully - version: 4.0.5 - missing functions: none
symbol engine: initialized successfully - sym options: 0x614 - pdb path: .;c:\Users\g016647\.vscode\extensions\redhat.java-1.46.0-win32-x64\jre\21.0.8-win32-x86_64\bin;C:\WINDOWS\SYSTEM32;C:\WINDOWS\WinSxS\amd64_microsoft.windows.common-controls_6595b64144ccf1df_6.0.22621.5840_none_2710ea077384a4fe;c:\Users\g016647\.vscode\extensions\redhat.java-1.46.0-win32-x64\jre\21.0.8-win32-x86_64\bin\server;C:\Users\g016647\AppData\Roaming\Code\User\globalStorage\redhat.java\1.46.0\config_win\org.eclipse.equinox.launcher\org.eclipse.equinox.launcher.win32.win32.x86_64_1.2.1400.v20250801-0854;C:\Users\g016647\AppData\Local\Temp\jna--1655287317

VM Arguments:
jvm_args: --add-modules=ALL-SYSTEM --add-opens=java.base/java.util=ALL-UNNAMED --add-opens=java.base/java.lang=ALL-UNNAMED --add-opens=java.base/sun.nio.fs=ALL-UNNAMED -Declipse.application=org.eclipse.jdt.ls.core.id1 -Dosgi.bundles.defaultStartLevel=4 -Declipse.product=org.eclipse.jdt.ls.core.product -Djava.import.generatesMetadataFilesAtProjectRoot=false -DDetectVMInstallationsJob.disabled=true -Dfile.encoding=utf8 -XX:+UseParallelGC -XX:GCTimeRatio=4 -XX:AdaptiveSizePolicyWeight=90 -Dsun.zip.disableMemoryMapping=true -Xmx2G -Xms100m -Xlog:disable -javaagent:c:\Users\g016647\.vscode\extensions\redhat.java-1.46.0-win32-x64\lombok\lombok-1.18.39-4050.jar -XX:+HeapDumpOnOutOfMemoryError -XX:HeapDumpPath=c:\Users\g016647\AppData\Roaming\Code\User\workspaceStorage\3975dea45c7b7c81ab5498dbaf66f26e\redhat.java -Daether.dependencyCollector.impl=bf 
java_command: c:\Users\g016647\.vscode\extensions\redhat.java-1.46.0-win32-x64\server\plugins\org.eclipse.equinox.launcher_1.7.0.v20250519-0528.jar -configuration c:\Users\g016647\AppData\Roaming\Code\User\globalStorage\redhat.java\1.46.0\config_win -data c:\Users\g016647\AppData\Roaming\Code\User\workspaceStorage\3975dea45c7b7c81ab5498dbaf66f26e\redhat.java\jdt_ws --pipe=\\.\pipe\lsp-1b674af127d9d796dd1ca97e07cc3616-sock
java_class_path (initial): c:\Users\g016647\.vscode\extensions\redhat.java-1.46.0-win32-x64\server\plugins\org.eclipse.equinox.launcher_1.7.0.v20250519-0528.jar
Launcher Type: SUN_STANDARD

[Global flags]
    uintx AdaptiveSizePolicyWeight                 = 90                                        {product} {command line}
     intx CICompilerCount                          = 4                                         {product} {ergonomic}
    uintx GCTimeRatio                              = 4                                         {product} {command line}
     bool HeapDumpOnOutOfMemoryError               = true                                   {manageable} {command line}
    ccstr HeapDumpPath                             = c:\Users\g016647\AppData\Roaming\Code\User\workspaceStorage\3975dea45c7b7c81ab5498dbaf66f26e\redhat.java         {manageable} {command line}
   size_t InitialHeapSize                          = 104857600                                 {product} {command line}
   size_t MaxHeapSize                              = 2147483648                                {product} {command line}
   size_t MaxNewSize                               = 715653120                                 {product} {ergonomic}
   size_t MinHeapDeltaBytes                        = 524288                                    {product} {ergonomic}
   size_t MinHeapSize                              = 104857600                                 {product} {command line}
   size_t NewSize                                  = 34603008                                  {product} {ergonomic}
    uintx NonNMethodCodeHeapSize                   = 5839372                                {pd product} {ergonomic}
    uintx NonProfiledCodeHeapSize                  = 122909434                              {pd product} {ergonomic}
   size_t OldSize                                  = 70254592                                  {product} {ergonomic}
    uintx ProfiledCodeHeapSize                     = 122909434                              {pd product} {ergonomic}
    uintx ReservedCodeCacheSize                    = 251658240                              {pd product} {ergonomic}
     bool SegmentedCodeCache                       = true                                      {product} {ergonomic}
   size_t SoftMaxHeapSize                          = 2147483648                             {manageable} {ergonomic}
     bool UseCompressedOops                        = true                           {product lp64_product} {ergonomic}
     bool UseLargePagesIndividualAllocation        = false                                  {pd product} {ergonomic}
     bool UseParallelGC                            = true                                      {product} {command line}

Logging:
Log output configuration:
 #0: stdout all=off uptime,level,tags foldmultilines=false
 #1: stderr all=off uptime,level,tags foldmultilines=false

Environment Variables:
CLASSPATH=C:\Program Files\Qoppa Software\PDF Studio 2024\lib\pdfstudio.jar;C:\Program Files\Qoppa Software\PDF Studio 2024\lib\cmaps.jar
PATH=C:\Program Files\Common Files\Oracle\Java\javapath;C:\WINDOWS\system32;C:\WINDOWS;C:\WINDOWS\System32\Wbem;C:\WINDOWS\System32\WindowsPowerShell\v1.0\;C:\WINDOWS\System32\OpenSSH\;C:\Program Files\dotnet\;C:\Program Files\Qoppa Software\PDF Studio 2024\jre\bin\server;C:\Apache\apache-maven-3.9.9\bin;C:\Program Files\nodejs\;C:\Users\g016647\AppData\Local\Microsoft\WindowsApps;C:\Users\g016647\AppData\Local\Programs\Microsoft VS Code\bin;C:\Users\g016647\AppData\Roaming\npm;C:\Users\g016647\AppData\Local\Programs\Git\cmd;C:\Users\g016647\AppData\Local\Google\Cloud SDK\google-cloud-sdk\bin
USERNAME=g016647
OS=Windows_NT
PROCESSOR_IDENTIFIER=Intel64 Family 6 Model 170 Stepping 4, GenuineIntel
TMP=C:\Users\g016647\AppData\Local\Temp
TEMP=C:\Users\g016647\AppData\Local\Temp




Periodic native trim disabled

---------------  S Y S T E M  ---------------

OS:
 Windows 11 , 64 bit Build 22621 (10.0.22621.5415)
OS uptime: 14 days 18:50 hours
Hyper-V role detected

CPU: total 14 (initial active 14) (7 cores per cpu, 2 threads per core) family 6 model 170 stepping 4 microcode 0x24, cx8, cmov, fxsr, ht, mmx, 3dnowpref, sse, sse2, sse3, ssse3, sse4.1, sse4.2, popcnt, lzcnt, tsc, tscinvbit, avx, avx2, aes, erms, clmul, bmi1, bmi2, adx, sha, fma, vzeroupper, clflush, clflushopt, clwb, hv, serialize, rdtscp, rdpid, fsrm, f16c, cet_ibt, cet_ss
Processor Information for processor 0
  Max Mhz: 1700, Current Mhz: 1700, Mhz Limit: 1700
Processor Information for processor 1
  Max Mhz: 1700, Current Mhz: 1700, Mhz Limit: 1700
Processor Information for processor 2
  Max Mhz: 1200, Current Mhz: 1200, Mhz Limit: 1200
Processor Information for processor 3
  Max Mhz: 1200, Current Mhz: 1200, Mhz Limit: 1200
Processor Information for processor 4
  Max Mhz: 1200, Current Mhz: 1200, Mhz Limit: 1200
Processor Information for processor 5
  Max Mhz: 1200, Current Mhz: 1200, Mhz Limit: 1200
Processor Information for processor 6
  Max Mhz: 1200, Current Mhz: 1200, Mhz Limit: 1200
Processor Information for processor 7
  Max Mhz: 1200, Current Mhz: 1200, Mhz Limit: 1200
Processor Information for processor 8
  Max Mhz: 1200, Current Mhz: 1200, Mhz Limit: 1200
Processor Information for processor 9
  Max Mhz: 1200, Current Mhz: 1200, Mhz Limit: 1200
Processor Information for processor 10
  Max Mhz: 1700, Current Mhz: 1700, Mhz Limit: 1700
Processor Information for processor 11
  Max Mhz: 1700, Current Mhz: 1700, Mhz Limit: 1700
Processor Information for processor 12
  Max Mhz: 2100, Current Mhz: 700, Mhz Limit: 693
Processor Information for processor 13
  Max Mhz: 2100, Current Mhz: 700, Mhz Limit: 693

Memory: 4k page, system-wide physical 32212M (2777M free)
TotalPageFile size 62565M (AvailPageFile size 0M)
current process WorkingSet (physical memory assigned to process): 17M, peak: 1750M
current process commit charge ("private bytes"): 1257M, peak: 1844M

vm_info: OpenJDK 64-Bit Server VM (21.0.8+9-LTS) for windows-amd64 JRE (21.0.8+9-LTS), built on 2025-07-15T00:00:00Z by "admin" with MS VC++ 17.7 (VS2022)

END.
